2026-03-13 11:32:59 [INFO]: Load dataset
2026-03-13 11:32:59 [INFO]: Load raw events from sockshop dataset
2026-03-13 11:32:59 [INFO]: Build embedding for raw events
2026-03-13 11:33:27 [INFO]: Build dataset for training
2026-03-13 11:33:32 [INFO]: Training...
2026-03-13 11:33:32 [INFO]: Currently using GPU 0
2026-03-13 11:33:32 [INFO]: dataset: sockshop
2026-03-13 11:33:32 [INFO]: reconstruct: True
2026-03-13 11:33:32 [INFO]: log_step: 20
2026-03-13 11:33:32 [INFO]: gpu_device: 0
2026-03-13 11:33:32 [INFO]: modalities: ['metric', 'trace', 'log']
2026-03-13 11:33:32 [INFO]: metric_direction: True
2026-03-13 11:33:32 [INFO]: trace_op: True
2026-03-13 11:33:32 [INFO]: trace_ab_type: True
2026-03-13 11:33:32 [INFO]: aug_percent: 0.4
2026-03-13 11:33:32 [INFO]: aug_times: 10
2026-03-13 11:33:32 [INFO]: TO: True
2026-03-13 11:33:32 [INFO]: CM: True
2026-03-13 11:33:32 [INFO]: dynamic_weight: True
2026-03-13 11:33:32 [INFO]: temperature: 0.3
2026-03-13 11:33:32 [INFO]: contrastive_loss_scale: 0.1
2026-03-13 11:33:32 [INFO]: batch_size: 128
2026-03-13 11:33:32 [INFO]: epochs: 500
2026-03-13 11:33:32 [INFO]: alert_embedding_dim: 128
2026-03-13 11:33:32 [INFO]: graph_hidden_dim: 64
2026-03-13 11:33:32 [INFO]: graph_out: 32
2026-03-13 11:33:32 [INFO]: graph_layers: 2
2026-03-13 11:33:32 [INFO]: linear_hidden: [64]
2026-03-13 11:33:32 [INFO]: lr: 0.001
2026-03-13 11:33:32 [INFO]: weight_decay: 0.0001
2026-03-13 11:33:32 [INFO]: feat_drop: 0
2026-03-13 11:33:32 [INFO]: patience: 10
2026-03-13 11:33:32 [INFO]: ft_num: 7
2026-03-13 11:33:32 [INFO]: aggregator: mean
2026-03-13 11:33:32 [INFO]: MainModel(
  (encoders): ModuleDict(
    (metric): Encoder(
      (graph_encoder): SAGEEncoder(
        (sage_layers): ModuleList(
          (0): SAGEConv(
            (feat_drop): Dropout(p=0, inplace=False)
            (fc_neigh): Linear(in_features=128, out_features=64, bias=False)
            (fc_self): Linear(in_features=128, out_features=64, bias=False)
          )
          (1): SAGEConv(
            (feat_drop): Dropout(p=0, inplace=False)
            (fc_neigh): Linear(in_features=64, out_features=32, bias=False)
            (fc_self): Linear(in_features=64, out_features=32, bias=False)
          )
        )
        (pool): MaxPooling()
      )
    )
    (trace): Encoder(
      (graph_encoder): SAGEEncoder(
        (sage_layers): ModuleList(
          (0): SAGEConv(
            (feat_drop): Dropout(p=0, inplace=False)
            (fc_neigh): Linear(in_features=128, out_features=64, bias=False)
            (fc_self): Linear(in_features=128, out_features=64, bias=False)
          )
          (1): SAGEConv(
            (feat_drop): Dropout(p=0, inplace=False)
            (fc_neigh): Linear(in_features=64, out_features=32, bias=False)
            (fc_self): Linear(in_features=64, out_features=32, bias=False)
          )
        )
        (pool): MaxPooling()
      )
    )
    (log): Encoder(
      (graph_encoder): SAGEEncoder(
        (sage_layers): ModuleList(
          (0): SAGEConv(
            (feat_drop): Dropout(p=0, inplace=False)
            (fc_neigh): Linear(in_features=128, out_features=64, bias=False)
            (fc_self): Linear(in_features=128, out_features=64, bias=False)
          )
          (1): SAGEConv(
            (feat_drop): Dropout(p=0, inplace=False)
            (fc_neigh): Linear(in_features=64, out_features=32, bias=False)
            (fc_self): Linear(in_features=64, out_features=32, bias=False)
          )
        )
        (pool): MaxPooling()
      )
    )
  )
  (locator): Voter(
    (net): FullyConnected(
      (net): Sequential(
        (0): Linear(in_features=96, out_features=64, bias=True)
        (1): ReLU()
        (2): Linear(in_features=64, out_features=1, bias=True)
      )
    )
  )
  (typeClassifier): Classifier(
    (net): FullyConnected(
      (net): Sequential(
        (0): Linear(in_features=96, out_features=64, bias=True)
        (1): ReLU()
        (2): Linear(in_features=64, out_features=7, bias=True)
      )
    )
  )
)
2026-03-13 11:33:32 [INFO]: Start training for 500 epochs.
2026-03-13 11:33:32 [DEBUG]: con_loss: 2.732, RCA_loss: 3.225, TC_loss: 2.610
2026-03-13 11:33:33 [DEBUG]: con_loss: 2.707, RCA_loss: 2.850, TC_loss: 2.200
2026-03-13 11:33:33 [INFO]: Epoch 0 done. Loss: 6.854, Time per epoch: 1.010[s]
2026-03-13 11:33:33 [DEBUG]: con_loss: 2.734, RCA_loss: 2.599, TC_loss: 2.048
2026-03-13 11:33:34 [DEBUG]: con_loss: 2.701, RCA_loss: 2.356, TC_loss: 1.979
2026-03-13 11:33:34 [INFO]: Epoch 1 done. Loss: 6.377, Time per epoch: 0.523[s]
2026-03-13 11:33:34 [DEBUG]: con_loss: 2.731, RCA_loss: 2.213, TC_loss: 1.894
2026-03-13 11:33:34 [DEBUG]: con_loss: 2.708, RCA_loss: 2.134, TC_loss: 1.895
2026-03-13 11:33:34 [INFO]: Epoch 2 done. Loss: 6.166, Time per epoch: 0.504[s]
2026-03-13 11:33:34 [DEBUG]: con_loss: 2.729, RCA_loss: 1.945, TC_loss: 1.812
2026-03-13 11:33:35 [DEBUG]: con_loss: 2.699, RCA_loss: 1.895, TC_loss: 1.823
2026-03-13 11:33:35 [INFO]: Epoch 3 done. Loss: 5.998, Time per epoch: 0.511[s]
2026-03-13 11:33:35 [DEBUG]: con_loss: 2.734, RCA_loss: 1.705, TC_loss: 1.822
2026-03-13 11:33:35 [DEBUG]: con_loss: 2.695, RCA_loss: 1.676, TC_loss: 1.810
2026-03-13 11:33:35 [INFO]: Epoch 4 done. Loss: 5.883, Time per epoch: 0.513[s]
2026-03-13 11:33:35 [DEBUG]: con_loss: 2.737, RCA_loss: 1.585, TC_loss: 1.760
2026-03-13 11:33:36 [DEBUG]: con_loss: 2.705, RCA_loss: 1.494, TC_loss: 1.793
2026-03-13 11:33:36 [INFO]: Epoch 5 done. Loss: 5.791, Time per epoch: 0.513[s]
2026-03-13 11:33:36 [DEBUG]: con_loss: 2.734, RCA_loss: 1.416, TC_loss: 1.732
2026-03-13 11:33:36 [DEBUG]: con_loss: 2.699, RCA_loss: 1.471, TC_loss: 1.727
2026-03-13 11:33:36 [INFO]: Epoch 6 done. Loss: 5.718, Time per epoch: 0.534[s]
2026-03-13 11:33:36 [DEBUG]: con_loss: 2.731, RCA_loss: 1.305, TC_loss: 1.691
2026-03-13 11:33:37 [DEBUG]: con_loss: 2.695, RCA_loss: 1.202, TC_loss: 1.643
2026-03-13 11:33:37 [INFO]: Epoch 7 done. Loss: 5.589, Time per epoch: 0.528[s]
2026-03-13 11:33:37 [DEBUG]: con_loss: 2.727, RCA_loss: 1.133, TC_loss: 1.622
2026-03-13 11:33:37 [DEBUG]: con_loss: 2.698, RCA_loss: 1.150, TC_loss: 1.581
2026-03-13 11:33:37 [INFO]: Epoch 8 done. Loss: 5.500, Time per epoch: 0.638[s]
2026-03-13 11:33:38 [DEBUG]: con_loss: 2.725, RCA_loss: 1.051, TC_loss: 1.620
2026-03-13 11:33:38 [DEBUG]: con_loss: 2.690, RCA_loss: 1.011, TC_loss: 1.564
2026-03-13 11:33:38 [INFO]: Epoch 9 done. Loss: 5.438, Time per epoch: 0.505[s]
2026-03-13 11:33:38 [DEBUG]: con_loss: 2.719, RCA_loss: 0.890, TC_loss: 1.512
2026-03-13 11:33:38 [DEBUG]: con_loss: 2.696, RCA_loss: 0.864, TC_loss: 1.566
2026-03-13 11:33:38 [INFO]: Epoch 10 done. Loss: 5.334, Time per epoch: 0.508[s]
2026-03-13 11:33:39 [DEBUG]: con_loss: 2.724, RCA_loss: 0.902, TC_loss: 1.453
2026-03-13 11:33:39 [DEBUG]: con_loss: 2.693, RCA_loss: 0.795, TC_loss: 1.534
2026-03-13 11:33:39 [INFO]: Epoch 11 done. Loss: 5.298, Time per epoch: 0.512[s]
2026-03-13 11:33:39 [DEBUG]: con_loss: 2.733, RCA_loss: 0.649, TC_loss: 1.430
2026-03-13 11:33:39 [DEBUG]: con_loss: 2.693, RCA_loss: 0.794, TC_loss: 1.510
2026-03-13 11:33:39 [INFO]: Epoch 12 done. Loss: 5.225, Time per epoch: 0.506[s]
2026-03-13 11:33:40 [DEBUG]: con_loss: 2.727, RCA_loss: 0.707, TC_loss: 1.418
2026-03-13 11:33:40 [DEBUG]: con_loss: 2.692, RCA_loss: 0.515, TC_loss: 1.356
2026-03-13 11:33:40 [INFO]: Epoch 13 done. Loss: 5.126, Time per epoch: 0.510[s]
2026-03-13 11:33:40 [DEBUG]: con_loss: 2.726, RCA_loss: 0.583, TC_loss: 1.381
2026-03-13 11:33:40 [DEBUG]: con_loss: 2.692, RCA_loss: 0.603, TC_loss: 1.316
2026-03-13 11:33:41 [INFO]: Epoch 14 done. Loss: 5.098, Time per epoch: 0.509[s]
2026-03-13 11:33:41 [DEBUG]: con_loss: 2.722, RCA_loss: 0.602, TC_loss: 1.353
2026-03-13 11:33:41 [DEBUG]: con_loss: 2.692, RCA_loss: 0.545, TC_loss: 1.325
2026-03-13 11:33:41 [INFO]: Epoch 15 done. Loss: 5.083, Time per epoch: 0.501[s]
2026-03-13 11:33:41 [DEBUG]: con_loss: 2.723, RCA_loss: 0.516, TC_loss: 1.320
2026-03-13 11:33:41 [DEBUG]: con_loss: 2.691, RCA_loss: 0.550, TC_loss: 1.235
2026-03-13 11:33:42 [INFO]: Epoch 16 done. Loss: 5.031, Time per epoch: 0.512[s]
2026-03-13 11:33:42 [DEBUG]: con_loss: 2.718, RCA_loss: 0.474, TC_loss: 1.253
2026-03-13 11:33:42 [DEBUG]: con_loss: 2.694, RCA_loss: 0.498, TC_loss: 1.270
2026-03-13 11:33:42 [INFO]: Epoch 17 done. Loss: 4.999, Time per epoch: 0.517[s]
2026-03-13 11:33:42 [DEBUG]: con_loss: 2.718, RCA_loss: 0.456, TC_loss: 1.191
2026-03-13 11:33:43 [DEBUG]: con_loss: 2.687, RCA_loss: 0.420, TC_loss: 1.227
2026-03-13 11:33:43 [INFO]: Epoch 18 done. Loss: 4.947, Time per epoch: 0.671[s]
2026-03-13 11:33:43 [DEBUG]: con_loss: 2.720, RCA_loss: 0.455, TC_loss: 1.208
2026-03-13 11:33:43 [DEBUG]: con_loss: 2.684, RCA_loss: 0.341, TC_loss: 1.213
2026-03-13 11:33:43 [INFO]: Epoch 19 done. Loss: 4.928, Time per epoch: 0.516[s]
2026-03-13 11:33:43 [DEBUG]: con_loss: 2.724, RCA_loss: 0.374, TC_loss: 1.157
2026-03-13 11:33:44 [DEBUG]: con_loss: 2.682, RCA_loss: 0.301, TC_loss: 1.078
2026-03-13 11:33:44 [INFO]: Epoch 20 done. Loss: 4.852, Time per epoch: 0.497[s]
2026-03-13 11:33:44 [DEBUG]: con_loss: 2.720, RCA_loss: 0.447, TC_loss: 1.078
2026-03-13 11:33:44 [DEBUG]: con_loss: 2.693, RCA_loss: 0.316, TC_loss: 1.205
2026-03-13 11:33:44 [INFO]: Epoch 21 done. Loss: 4.887, Time per epoch: 0.496[s]
2026-03-13 11:33:44 [DEBUG]: con_loss: 2.719, RCA_loss: 0.373, TC_loss: 1.066
2026-03-13 11:33:45 [DEBUG]: con_loss: 2.684, RCA_loss: 0.272, TC_loss: 0.985
2026-03-13 11:33:45 [INFO]: Epoch 22 done. Loss: 4.798, Time per epoch: 0.497[s]
2026-03-13 11:33:45 [DEBUG]: con_loss: 2.716, RCA_loss: 0.244, TC_loss: 0.953
2026-03-13 11:33:45 [DEBUG]: con_loss: 2.686, RCA_loss: 0.284, TC_loss: 1.061
2026-03-13 11:33:45 [INFO]: Epoch 23 done. Loss: 4.758, Time per epoch: 0.508[s]
2026-03-13 11:33:45 [DEBUG]: con_loss: 2.720, RCA_loss: 0.313, TC_loss: 1.004
2026-03-13 11:33:46 [DEBUG]: con_loss: 2.687, RCA_loss: 0.327, TC_loss: 1.004
2026-03-13 11:33:46 [INFO]: Epoch 24 done. Loss: 4.786, Time per epoch: 0.514[s]
2026-03-13 11:33:46 [DEBUG]: con_loss: 2.724, RCA_loss: 0.294, TC_loss: 0.989
2026-03-13 11:33:46 [DEBUG]: con_loss: 2.690, RCA_loss: 0.302, TC_loss: 0.974
2026-03-13 11:33:46 [INFO]: Epoch 25 done. Loss: 4.766, Time per epoch: 0.502[s]
2026-03-13 11:33:46 [DEBUG]: con_loss: 2.715, RCA_loss: 0.268, TC_loss: 0.940
2026-03-13 11:33:47 [DEBUG]: con_loss: 2.681, RCA_loss: 0.268, TC_loss: 0.875
2026-03-13 11:33:47 [INFO]: Epoch 26 done. Loss: 4.709, Time per epoch: 0.493[s]
2026-03-13 11:33:47 [DEBUG]: con_loss: 2.711, RCA_loss: 0.246, TC_loss: 0.894
2026-03-13 11:33:47 [DEBUG]: con_loss: 2.684, RCA_loss: 0.227, TC_loss: 0.900
2026-03-13 11:33:47 [INFO]: Epoch 27 done. Loss: 4.688, Time per epoch: 0.509[s]
2026-03-13 11:33:47 [DEBUG]: con_loss: 2.709, RCA_loss: 0.222, TC_loss: 0.862
2026-03-13 11:33:48 [DEBUG]: con_loss: 2.689, RCA_loss: 0.224, TC_loss: 0.847
2026-03-13 11:33:48 [INFO]: Epoch 28 done. Loss: 4.661, Time per epoch: 0.611[s]
2026-03-13 11:33:48 [DEBUG]: con_loss: 2.704, RCA_loss: 0.208, TC_loss: 0.790
2026-03-13 11:33:48 [DEBUG]: con_loss: 2.691, RCA_loss: 0.266, TC_loss: 0.881
2026-03-13 11:33:48 [INFO]: Epoch 29 done. Loss: 4.658, Time per epoch: 0.526[s]
2026-03-13 11:33:49 [DEBUG]: con_loss: 2.711, RCA_loss: 0.234, TC_loss: 0.808
2026-03-13 11:33:49 [DEBUG]: con_loss: 2.683, RCA_loss: 0.236, TC_loss: 0.792
2026-03-13 11:33:49 [INFO]: Epoch 30 done. Loss: 4.638, Time per epoch: 0.515[s]
2026-03-13 11:33:49 [DEBUG]: con_loss: 2.710, RCA_loss: 0.228, TC_loss: 0.834
2026-03-13 11:33:49 [DEBUG]: con_loss: 2.678, RCA_loss: 0.158, TC_loss: 0.792
2026-03-13 11:33:49 [INFO]: Epoch 31 done. Loss: 4.623, Time per epoch: 0.497[s]
2026-03-13 11:33:50 [DEBUG]: con_loss: 2.708, RCA_loss: 0.197, TC_loss: 0.751
2026-03-13 11:33:50 [DEBUG]: con_loss: 2.682, RCA_loss: 0.169, TC_loss: 0.678
2026-03-13 11:33:50 [INFO]: Epoch 32 done. Loss: 4.569, Time per epoch: 0.505[s]
2026-03-13 11:33:50 [DEBUG]: con_loss: 2.703, RCA_loss: 0.156, TC_loss: 0.742
2026-03-13 11:33:50 [DEBUG]: con_loss: 2.684, RCA_loss: 0.217, TC_loss: 0.767
2026-03-13 11:33:50 [INFO]: Epoch 33 done. Loss: 4.590, Time per epoch: 0.525[s]
2026-03-13 11:33:51 [DEBUG]: con_loss: 2.711, RCA_loss: 0.214, TC_loss: 0.694
2026-03-13 11:33:51 [DEBUG]: con_loss: 2.681, RCA_loss: 0.174, TC_loss: 0.660
2026-03-13 11:33:51 [INFO]: Epoch 34 done. Loss: 4.556, Time per epoch: 0.502[s]
2026-03-13 11:33:51 [DEBUG]: con_loss: 2.714, RCA_loss: 0.115, TC_loss: 0.634
2026-03-13 11:33:51 [DEBUG]: con_loss: 2.683, RCA_loss: 0.199, TC_loss: 0.675
2026-03-13 11:33:52 [INFO]: Epoch 35 done. Loss: 4.528, Time per epoch: 0.554[s]
2026-03-13 11:33:52 [DEBUG]: con_loss: 2.714, RCA_loss: 0.199, TC_loss: 0.682
2026-03-13 11:33:52 [DEBUG]: con_loss: 2.681, RCA_loss: 0.183, TC_loss: 0.623
2026-03-13 11:33:52 [INFO]: Epoch 36 done. Loss: 4.543, Time per epoch: 0.509[s]
2026-03-13 11:33:52 [DEBUG]: con_loss: 2.717, RCA_loss: 0.182, TC_loss: 0.624
2026-03-13 11:33:52 [DEBUG]: con_loss: 2.671, RCA_loss: 0.114, TC_loss: 0.635
2026-03-13 11:33:53 [INFO]: Epoch 37 done. Loss: 4.508, Time per epoch: 0.536[s]
2026-03-13 11:33:53 [DEBUG]: con_loss: 2.710, RCA_loss: 0.117, TC_loss: 0.516
2026-03-13 11:33:53 [DEBUG]: con_loss: 2.681, RCA_loss: 0.151, TC_loss: 0.638
2026-03-13 11:33:53 [INFO]: Epoch 38 done. Loss: 4.476, Time per epoch: 0.520[s]
2026-03-13 11:33:53 [DEBUG]: con_loss: 2.703, RCA_loss: 0.148, TC_loss: 0.612
2026-03-13 11:33:54 [DEBUG]: con_loss: 2.679, RCA_loss: 0.112, TC_loss: 0.543
2026-03-13 11:33:54 [INFO]: Epoch 39 done. Loss: 4.472, Time per epoch: 0.601[s]
2026-03-13 11:33:54 [DEBUG]: con_loss: 2.708, RCA_loss: 0.100, TC_loss: 0.562
2026-03-13 11:33:54 [DEBUG]: con_loss: 2.676, RCA_loss: 0.113, TC_loss: 0.527
2026-03-13 11:33:54 [INFO]: Epoch 40 done. Loss: 4.444, Time per epoch: 0.504[s]
2026-03-13 11:33:54 [DEBUG]: con_loss: 2.711, RCA_loss: 0.099, TC_loss: 0.528
2026-03-13 11:33:55 [DEBUG]: con_loss: 2.677, RCA_loss: 0.137, TC_loss: 0.534
2026-03-13 11:33:55 [INFO]: Epoch 41 done. Loss: 4.444, Time per epoch: 0.497[s]
2026-03-13 11:33:55 [DEBUG]: con_loss: 2.716, RCA_loss: 0.100, TC_loss: 0.500
2026-03-13 11:33:55 [DEBUG]: con_loss: 2.669, RCA_loss: 0.070, TC_loss: 0.461
2026-03-13 11:33:55 [INFO]: Epoch 42 done. Loss: 4.402, Time per epoch: 0.515[s]
2026-03-13 11:33:55 [DEBUG]: con_loss: 2.712, RCA_loss: 0.118, TC_loss: 0.491
2026-03-13 11:33:56 [DEBUG]: con_loss: 2.678, RCA_loss: 0.104, TC_loss: 0.477
2026-03-13 11:33:56 [INFO]: Epoch 43 done. Loss: 4.418, Time per epoch: 0.505[s]
2026-03-13 11:33:56 [DEBUG]: con_loss: 2.706, RCA_loss: 0.123, TC_loss: 0.446
2026-03-13 11:33:56 [DEBUG]: con_loss: 2.674, RCA_loss: 0.096, TC_loss: 0.461
2026-03-13 11:33:56 [INFO]: Epoch 44 done. Loss: 4.399, Time per epoch: 0.512[s]
2026-03-13 11:33:56 [DEBUG]: con_loss: 2.714, RCA_loss: 0.122, TC_loss: 0.446
2026-03-13 11:33:57 [DEBUG]: con_loss: 2.668, RCA_loss: 0.046, TC_loss: 0.397
2026-03-13 11:33:57 [INFO]: Epoch 45 done. Loss: 4.371, Time per epoch: 0.523[s]
2026-03-13 11:33:57 [DEBUG]: con_loss: 2.708, RCA_loss: 0.094, TC_loss: 0.417
2026-03-13 11:33:57 [DEBUG]: con_loss: 2.681, RCA_loss: 0.087, TC_loss: 0.405
2026-03-13 11:33:57 [INFO]: Epoch 46 done. Loss: 4.370, Time per epoch: 0.533[s]
2026-03-13 11:33:57 [DEBUG]: con_loss: 2.706, RCA_loss: 0.100, TC_loss: 0.449
2026-03-13 11:33:58 [DEBUG]: con_loss: 2.675, RCA_loss: 0.075, TC_loss: 0.374
2026-03-13 11:33:58 [INFO]: Epoch 47 done. Loss: 4.367, Time per epoch: 0.500[s]
2026-03-13 11:33:58 [DEBUG]: con_loss: 2.700, RCA_loss: 0.079, TC_loss: 0.432
2026-03-13 11:33:58 [DEBUG]: con_loss: 2.670, RCA_loss: 0.060, TC_loss: 0.413
2026-03-13 11:33:58 [INFO]: Epoch 48 done. Loss: 4.361, Time per epoch: 0.493[s]
2026-03-13 11:33:58 [DEBUG]: con_loss: 2.694, RCA_loss: 0.074, TC_loss: 0.341
2026-03-13 11:33:59 [DEBUG]: con_loss: 2.675, RCA_loss: 0.075, TC_loss: 0.412
2026-03-13 11:33:59 [INFO]: Epoch 49 done. Loss: 4.341, Time per epoch: 0.626[s]
2026-03-13 11:33:59 [DEBUG]: con_loss: 2.707, RCA_loss: 0.064, TC_loss: 0.326
2026-03-13 11:33:59 [DEBUG]: con_loss: 2.672, RCA_loss: 0.064, TC_loss: 0.377
2026-03-13 11:33:59 [INFO]: Epoch 50 done. Loss: 4.325, Time per epoch: 0.496[s]
2026-03-13 11:34:00 [DEBUG]: con_loss: 2.701, RCA_loss: 0.057, TC_loss: 0.316
2026-03-13 11:34:00 [DEBUG]: con_loss: 2.674, RCA_loss: 0.087, TC_loss: 0.336
2026-03-13 11:34:00 [INFO]: Epoch 51 done. Loss: 4.315, Time per epoch: 0.505[s]
2026-03-13 11:34:00 [DEBUG]: con_loss: 2.702, RCA_loss: 0.069, TC_loss: 0.379
2026-03-13 11:34:00 [DEBUG]: con_loss: 2.673, RCA_loss: 0.057, TC_loss: 0.322
2026-03-13 11:34:00 [INFO]: Epoch 52 done. Loss: 4.323, Time per epoch: 0.519[s]
2026-03-13 11:34:01 [DEBUG]: con_loss: 2.697, RCA_loss: 0.060, TC_loss: 0.296
2026-03-13 11:34:01 [DEBUG]: con_loss: 2.674, RCA_loss: 0.070, TC_loss: 0.316
2026-03-13 11:34:01 [INFO]: Epoch 53 done. Loss: 4.301, Time per epoch: 0.507[s]
2026-03-13 11:34:01 [DEBUG]: con_loss: 2.706, RCA_loss: 0.100, TC_loss: 0.308
2026-03-13 11:34:01 [DEBUG]: con_loss: 2.666, RCA_loss: 0.056, TC_loss: 0.305
2026-03-13 11:34:01 [INFO]: Epoch 54 done. Loss: 4.308, Time per epoch: 0.518[s]
2026-03-13 11:34:02 [DEBUG]: con_loss: 2.707, RCA_loss: 0.048, TC_loss: 0.313
2026-03-13 11:34:02 [DEBUG]: con_loss: 2.670, RCA_loss: 0.074, TC_loss: 0.243
2026-03-13 11:34:02 [INFO]: Epoch 55 done. Loss: 4.286, Time per epoch: 0.513[s]
2026-03-13 11:34:02 [DEBUG]: con_loss: 2.700, RCA_loss: 0.068, TC_loss: 0.203
2026-03-13 11:34:02 [DEBUG]: con_loss: 2.674, RCA_loss: 0.050, TC_loss: 0.284
2026-03-13 11:34:02 [INFO]: Epoch 56 done. Loss: 4.268, Time per epoch: 0.496[s]
2026-03-13 11:34:03 [DEBUG]: con_loss: 2.706, RCA_loss: 0.077, TC_loss: 0.267
2026-03-13 11:34:03 [DEBUG]: con_loss: 2.663, RCA_loss: 0.040, TC_loss: 0.254
2026-03-13 11:34:03 [INFO]: Epoch 57 done. Loss: 4.275, Time per epoch: 0.510[s]
2026-03-13 11:34:03 [DEBUG]: con_loss: 2.707, RCA_loss: 0.044, TC_loss: 0.285
2026-03-13 11:34:03 [DEBUG]: con_loss: 2.677, RCA_loss: 0.089, TC_loss: 0.291
2026-03-13 11:34:03 [INFO]: Epoch 58 done. Loss: 4.296, Time per epoch: 0.502[s]
2026-03-13 11:34:04 [DEBUG]: con_loss: 2.702, RCA_loss: 0.069, TC_loss: 0.246
2026-03-13 11:34:04 [DEBUG]: con_loss: 2.667, RCA_loss: 0.030, TC_loss: 0.236
2026-03-13 11:34:04 [INFO]: Epoch 59 done. Loss: 4.260, Time per epoch: 0.507[s]
2026-03-13 11:34:04 [DEBUG]: con_loss: 2.706, RCA_loss: 0.026, TC_loss: 0.202
2026-03-13 11:34:04 [DEBUG]: con_loss: 2.666, RCA_loss: 0.078, TC_loss: 0.210
2026-03-13 11:34:05 [INFO]: Epoch 60 done. Loss: 4.245, Time per epoch: 0.636[s]
2026-03-13 11:34:05 [DEBUG]: con_loss: 2.700, RCA_loss: 0.057, TC_loss: 0.234
2026-03-13 11:34:05 [DEBUG]: con_loss: 2.671, RCA_loss: 0.052, TC_loss: 0.217
2026-03-13 11:34:05 [INFO]: Epoch 61 done. Loss: 4.255, Time per epoch: 0.516[s]
2026-03-13 11:34:05 [DEBUG]: con_loss: 2.697, RCA_loss: 0.034, TC_loss: 0.196
2026-03-13 11:34:06 [DEBUG]: con_loss: 2.666, RCA_loss: 0.041, TC_loss: 0.187
2026-03-13 11:34:06 [INFO]: Epoch 62 done. Loss: 4.228, Time per epoch: 0.509[s]
2026-03-13 11:34:06 [DEBUG]: con_loss: 2.700, RCA_loss: 0.045, TC_loss: 0.180
2026-03-13 11:34:06 [DEBUG]: con_loss: 2.669, RCA_loss: 0.044, TC_loss: 0.214
2026-03-13 11:34:06 [INFO]: Epoch 63 done. Loss: 4.236, Time per epoch: 0.508[s]
2026-03-13 11:34:06 [DEBUG]: con_loss: 2.701, RCA_loss: 0.038, TC_loss: 0.188
2026-03-13 11:34:07 [DEBUG]: con_loss: 2.670, RCA_loss: 0.052, TC_loss: 0.204
2026-03-13 11:34:07 [INFO]: Epoch 64 done. Loss: 4.236, Time per epoch: 0.511[s]
2026-03-13 11:34:07 [DEBUG]: con_loss: 2.702, RCA_loss: 0.045, TC_loss: 0.203
2026-03-13 11:34:07 [DEBUG]: con_loss: 2.667, RCA_loss: 0.043, TC_loss: 0.160
2026-03-13 11:34:07 [INFO]: Epoch 65 done. Loss: 4.227, Time per epoch: 0.509[s]
2026-03-13 11:34:07 [DEBUG]: con_loss: 2.696, RCA_loss: 0.039, TC_loss: 0.171
2026-03-13 11:34:08 [DEBUG]: con_loss: 2.658, RCA_loss: 0.018, TC_loss: 0.136
2026-03-13 11:34:08 [INFO]: Epoch 66 done. Loss: 4.202, Time per epoch: 0.503[s]
2026-03-13 11:34:08 [DEBUG]: con_loss: 2.700, RCA_loss: 0.047, TC_loss: 0.169
2026-03-13 11:34:08 [DEBUG]: con_loss: 2.664, RCA_loss: 0.040, TC_loss: 0.199
2026-03-13 11:34:08 [INFO]: Epoch 67 done. Loss: 4.227, Time per epoch: 0.501[s]
2026-03-13 11:34:08 [DEBUG]: con_loss: 2.697, RCA_loss: 0.042, TC_loss: 0.158
2026-03-13 11:34:09 [DEBUG]: con_loss: 2.668, RCA_loss: 0.035, TC_loss: 0.166
2026-03-13 11:34:09 [INFO]: Epoch 68 done. Loss: 4.214, Time per epoch: 0.500[s]
2026-03-13 11:34:09 [DEBUG]: con_loss: 2.704, RCA_loss: 0.061, TC_loss: 0.188
2026-03-13 11:34:09 [DEBUG]: con_loss: 2.665, RCA_loss: 0.037, TC_loss: 0.191
2026-03-13 11:34:09 [INFO]: Epoch 69 done. Loss: 4.234, Time per epoch: 0.496[s]
2026-03-13 11:34:09 [DEBUG]: con_loss: 2.710, RCA_loss: 0.038, TC_loss: 0.156
2026-03-13 11:34:10 [DEBUG]: con_loss: 2.655, RCA_loss: 0.028, TC_loss: 0.154
2026-03-13 11:34:10 [INFO]: Epoch 70 done. Loss: 4.208, Time per epoch: 0.594[s]
2026-03-13 11:34:10 [DEBUG]: con_loss: 2.697, RCA_loss: 0.027, TC_loss: 0.156
2026-03-13 11:34:10 [DEBUG]: con_loss: 2.672, RCA_loss: 0.038, TC_loss: 0.173
2026-03-13 11:34:10 [INFO]: Epoch 71 done. Loss: 4.213, Time per epoch: 0.510[s]
2026-03-13 11:34:10 [DEBUG]: con_loss: 2.707, RCA_loss: 0.042, TC_loss: 0.190
2026-03-13 11:34:11 [DEBUG]: con_loss: 2.663, RCA_loss: 0.019, TC_loss: 0.125
2026-03-13 11:34:11 [INFO]: Epoch 72 done. Loss: 4.209, Time per epoch: 0.510[s]
2026-03-13 11:34:11 [DEBUG]: con_loss: 2.699, RCA_loss: 0.035, TC_loss: 0.170
2026-03-13 11:34:11 [DEBUG]: con_loss: 2.666, RCA_loss: 0.028, TC_loss: 0.140
2026-03-13 11:34:11 [INFO]: Epoch 73 done. Loss: 4.207, Time per epoch: 0.502[s]
2026-03-13 11:34:11 [DEBUG]: con_loss: 2.700, RCA_loss: 0.035, TC_loss: 0.148
2026-03-13 11:34:12 [DEBUG]: con_loss: 2.662, RCA_loss: 0.026, TC_loss: 0.106
2026-03-13 11:34:12 [INFO]: Epoch 74 done. Loss: 4.192, Time per epoch: 0.517[s]
2026-03-13 11:34:12 [DEBUG]: con_loss: 2.694, RCA_loss: 0.032, TC_loss: 0.132
2026-03-13 11:34:12 [DEBUG]: con_loss: 2.666, RCA_loss: 0.029, TC_loss: 0.115
2026-03-13 11:34:12 [INFO]: Epoch 75 done. Loss: 4.190, Time per epoch: 0.528[s]
2026-03-13 11:34:12 [DEBUG]: con_loss: 2.689, RCA_loss: 0.020, TC_loss: 0.112
2026-03-13 11:34:13 [DEBUG]: con_loss: 2.664, RCA_loss: 0.029, TC_loss: 0.138
2026-03-13 11:34:13 [INFO]: Epoch 76 done. Loss: 4.186, Time per epoch: 0.522[s]
2026-03-13 11:34:13 [DEBUG]: con_loss: 2.700, RCA_loss: 0.027, TC_loss: 0.146
2026-03-13 11:34:13 [DEBUG]: con_loss: 2.662, RCA_loss: 0.022, TC_loss: 0.146
2026-03-13 11:34:13 [INFO]: Epoch 77 done. Loss: 4.198, Time per epoch: 0.509[s]
2026-03-13 11:34:14 [DEBUG]: con_loss: 2.699, RCA_loss: 0.013, TC_loss: 0.121
2026-03-13 11:34:14 [DEBUG]: con_loss: 2.659, RCA_loss: 0.043, TC_loss: 0.107
2026-03-13 11:34:14 [INFO]: Epoch 78 done. Loss: 4.183, Time per epoch: 0.522[s]
2026-03-13 11:34:14 [DEBUG]: con_loss: 2.698, RCA_loss: 0.021, TC_loss: 0.126
2026-03-13 11:34:14 [DEBUG]: con_loss: 2.648, RCA_loss: 0.025, TC_loss: 0.085
2026-03-13 11:34:14 [INFO]: Epoch 79 done. Loss: 4.173, Time per epoch: 0.515[s]
2026-03-13 11:34:15 [DEBUG]: con_loss: 2.705, RCA_loss: 0.040, TC_loss: 0.133
2026-03-13 11:34:15 [DEBUG]: con_loss: 2.659, RCA_loss: 0.031, TC_loss: 0.120
2026-03-13 11:34:15 [INFO]: Epoch 80 done. Loss: 4.194, Time per epoch: 0.498[s]
2026-03-13 11:34:15 [DEBUG]: con_loss: 2.698, RCA_loss: 0.035, TC_loss: 0.133
2026-03-13 11:34:15 [DEBUG]: con_loss: 2.657, RCA_loss: 0.017, TC_loss: 0.125
2026-03-13 11:34:16 [INFO]: Epoch 81 done. Loss: 4.189, Time per epoch: 0.599[s]
2026-03-13 11:34:16 [DEBUG]: con_loss: 2.684, RCA_loss: 0.030, TC_loss: 0.092
2026-03-13 11:34:16 [DEBUG]: con_loss: 2.658, RCA_loss: 0.013, TC_loss: 0.098
2026-03-13 11:34:16 [INFO]: Epoch 82 done. Loss: 4.167, Time per epoch: 0.511[s]
2026-03-13 11:34:16 [DEBUG]: con_loss: 2.691, RCA_loss: 0.048, TC_loss: 0.128
2026-03-13 11:34:16 [DEBUG]: con_loss: 2.661, RCA_loss: 0.032, TC_loss: 0.104
2026-03-13 11:34:17 [INFO]: Epoch 83 done. Loss: 4.188, Time per epoch: 0.503[s]
2026-03-13 11:34:17 [DEBUG]: con_loss: 2.698, RCA_loss: 0.015, TC_loss: 0.082
2026-03-13 11:34:17 [DEBUG]: con_loss: 2.656, RCA_loss: 0.016, TC_loss: 0.092
2026-03-13 11:34:17 [INFO]: Epoch 84 done. Loss: 4.163, Time per epoch: 0.495[s]
2026-03-13 11:34:17 [DEBUG]: con_loss: 2.683, RCA_loss: 0.022, TC_loss: 0.088
2026-03-13 11:34:17 [DEBUG]: con_loss: 2.658, RCA_loss: 0.022, TC_loss: 0.079
2026-03-13 11:34:18 [INFO]: Epoch 85 done. Loss: 4.160, Time per epoch: 0.497[s]
2026-03-13 11:34:18 [DEBUG]: con_loss: 2.679, RCA_loss: 0.013, TC_loss: 0.090
2026-03-13 11:34:18 [DEBUG]: con_loss: 2.649, RCA_loss: 0.017, TC_loss: 0.069
2026-03-13 11:34:18 [INFO]: Epoch 86 done. Loss: 4.152, Time per epoch: 0.503[s]
2026-03-13 11:34:18 [DEBUG]: con_loss: 2.692, RCA_loss: 0.030, TC_loss: 0.093
2026-03-13 11:34:18 [DEBUG]: con_loss: 2.659, RCA_loss: 0.018, TC_loss: 0.076
2026-03-13 11:34:19 [INFO]: Epoch 87 done. Loss: 4.165, Time per epoch: 0.499[s]
2026-03-13 11:34:19 [DEBUG]: con_loss: 2.688, RCA_loss: 0.016, TC_loss: 0.077
2026-03-13 11:34:19 [DEBUG]: con_loss: 2.656, RCA_loss: 0.019, TC_loss: 0.069
2026-03-13 11:34:19 [INFO]: Epoch 88 done. Loss: 4.154, Time per epoch: 0.498[s]
2026-03-13 11:34:19 [DEBUG]: con_loss: 2.690, RCA_loss: 0.017, TC_loss: 0.075
2026-03-13 11:34:19 [DEBUG]: con_loss: 2.662, RCA_loss: 0.016, TC_loss: 0.077
2026-03-13 11:34:20 [INFO]: Epoch 89 done. Loss: 4.157, Time per epoch: 0.504[s]
2026-03-13 11:34:20 [DEBUG]: con_loss: 2.692, RCA_loss: 0.028, TC_loss: 0.093
2026-03-13 11:34:20 [DEBUG]: con_loss: 2.660, RCA_loss: 0.009, TC_loss: 0.064
2026-03-13 11:34:20 [INFO]: Epoch 90 done. Loss: 4.159, Time per epoch: 0.500[s]
2026-03-13 11:34:20 [DEBUG]: con_loss: 2.692, RCA_loss: 0.016, TC_loss: 0.107
2026-03-13 11:34:20 [DEBUG]: con_loss: 2.649, RCA_loss: 0.017, TC_loss: 0.067
2026-03-13 11:34:21 [INFO]: Epoch 91 done. Loss: 4.160, Time per epoch: 0.507[s]
2026-03-13 11:34:21 [DEBUG]: con_loss: 2.691, RCA_loss: 0.009, TC_loss: 0.099
2026-03-13 11:34:21 [DEBUG]: con_loss: 2.661, RCA_loss: 0.018, TC_loss: 0.073
2026-03-13 11:34:21 [INFO]: Epoch 92 done. Loss: 4.160, Time per epoch: 0.621[s]
2026-03-13 11:34:21 [DEBUG]: con_loss: 2.691, RCA_loss: 0.009, TC_loss: 0.069
2026-03-13 11:34:22 [DEBUG]: con_loss: 2.651, RCA_loss: 0.026, TC_loss: 0.068
2026-03-13 11:34:22 [INFO]: Epoch 93 done. Loss: 4.151, Time per epoch: 0.508[s]
2026-03-13 11:34:22 [DEBUG]: con_loss: 2.691, RCA_loss: 0.020, TC_loss: 0.072
2026-03-13 11:34:22 [DEBUG]: con_loss: 2.651, RCA_loss: 0.011, TC_loss: 0.077
2026-03-13 11:34:22 [INFO]: Epoch 94 done. Loss: 4.153, Time per epoch: 0.517[s]
2026-03-13 11:34:22 [DEBUG]: con_loss: 2.691, RCA_loss: 0.011, TC_loss: 0.068
2026-03-13 11:34:23 [DEBUG]: con_loss: 2.651, RCA_loss: 0.014, TC_loss: 0.082
2026-03-13 11:34:23 [INFO]: Epoch 95 done. Loss: 4.152, Time per epoch: 0.504[s]
2026-03-13 11:34:23 [DEBUG]: con_loss: 2.686, RCA_loss: 0.025, TC_loss: 0.092
2026-03-13 11:34:23 [DEBUG]: con_loss: 2.650, RCA_loss: 0.011, TC_loss: 0.068
2026-03-13 11:34:23 [INFO]: Epoch 96 done. Loss: 4.155, Time per epoch: 0.501[s]
2026-03-13 11:34:23 [DEBUG]: con_loss: 2.685, RCA_loss: 0.017, TC_loss: 0.088
2026-03-13 11:34:24 [DEBUG]: con_loss: 2.661, RCA_loss: 0.021, TC_loss: 0.063
2026-03-13 11:34:24 [INFO]: Epoch 97 done. Loss: 4.156, Time per epoch: 0.503[s]
2026-03-13 11:34:24 [DEBUG]: con_loss: 2.675, RCA_loss: 0.007, TC_loss: 0.053
2026-03-13 11:34:24 [DEBUG]: con_loss: 2.660, RCA_loss: 0.016, TC_loss: 0.046
2026-03-13 11:34:24 [INFO]: Epoch 98 done. Loss: 4.137, Time per epoch: 0.501[s]
2026-03-13 11:34:24 [DEBUG]: con_loss: 2.677, RCA_loss: 0.008, TC_loss: 0.085
2026-03-13 11:34:25 [DEBUG]: con_loss: 2.654, RCA_loss: 0.028, TC_loss: 0.060
2026-03-13 11:34:25 [INFO]: Epoch 99 done. Loss: 4.151, Time per epoch: 0.499[s]
2026-03-13 11:34:25 [DEBUG]: con_loss: 2.679, RCA_loss: 0.011, TC_loss: 0.067
2026-03-13 11:34:25 [DEBUG]: con_loss: 2.657, RCA_loss: 0.029, TC_loss: 0.060
2026-03-13 11:34:25 [INFO]: Epoch 100 done. Loss: 4.148, Time per epoch: 0.506[s]
2026-03-13 11:34:25 [DEBUG]: con_loss: 2.686, RCA_loss: 0.008, TC_loss: 0.061
2026-03-13 11:34:26 [DEBUG]: con_loss: 2.650, RCA_loss: 0.032, TC_loss: 0.072
2026-03-13 11:34:26 [INFO]: Epoch 101 done. Loss: 4.150, Time per epoch: 0.506[s]
2026-03-13 11:34:26 [DEBUG]: con_loss: 2.691, RCA_loss: 0.010, TC_loss: 0.064
2026-03-13 11:34:26 [DEBUG]: con_loss: 2.652, RCA_loss: 0.022, TC_loss: 0.054
2026-03-13 11:34:26 [INFO]: Epoch 102 done. Loss: 4.146, Time per epoch: 0.633[s]
2026-03-13 11:34:26 [DEBUG]: con_loss: 2.684, RCA_loss: 0.009, TC_loss: 0.042
2026-03-13 11:34:27 [DEBUG]: con_loss: 2.647, RCA_loss: 0.015, TC_loss: 0.076
2026-03-13 11:34:27 [INFO]: Epoch 103 done. Loss: 4.141, Time per epoch: 0.514[s]
2026-03-13 11:34:27 [DEBUG]: con_loss: 2.678, RCA_loss: 0.017, TC_loss: 0.054
2026-03-13 11:34:27 [DEBUG]: con_loss: 2.654, RCA_loss: 0.008, TC_loss: 0.033
2026-03-13 11:34:27 [INFO]: Epoch 104 done. Loss: 4.133, Time per epoch: 0.512[s]
2026-03-13 11:34:28 [DEBUG]: con_loss: 2.679, RCA_loss: 0.012, TC_loss: 0.056
2026-03-13 11:34:28 [DEBUG]: con_loss: 2.639, RCA_loss: 0.012, TC_loss: 0.053
2026-03-13 11:34:28 [INFO]: Epoch 105 done. Loss: 4.135, Time per epoch: 0.513[s]
2026-03-13 11:34:28 [DEBUG]: con_loss: 2.679, RCA_loss: 0.012, TC_loss: 0.043
2026-03-13 11:34:28 [DEBUG]: con_loss: 2.647, RCA_loss: 0.020, TC_loss: 0.067
2026-03-13 11:34:28 [INFO]: Epoch 106 done. Loss: 4.140, Time per epoch: 0.499[s]
2026-03-13 11:34:29 [DEBUG]: con_loss: 2.679, RCA_loss: 0.011, TC_loss: 0.047
2026-03-13 11:34:29 [DEBUG]: con_loss: 2.650, RCA_loss: 0.012, TC_loss: 0.037
2026-03-13 11:34:29 [INFO]: Epoch 107 done. Loss: 4.131, Time per epoch: 0.498[s]
2026-03-13 11:34:29 [DEBUG]: con_loss: 2.694, RCA_loss: 0.019, TC_loss: 0.059
2026-03-13 11:34:29 [DEBUG]: con_loss: 2.641, RCA_loss: 0.006, TC_loss: 0.049
2026-03-13 11:34:29 [INFO]: Epoch 108 done. Loss: 4.140, Time per epoch: 0.513[s]
2026-03-13 11:34:30 [DEBUG]: con_loss: 2.678, RCA_loss: 0.013, TC_loss: 0.039
2026-03-13 11:34:30 [DEBUG]: con_loss: 2.649, RCA_loss: 0.009, TC_loss: 0.050
2026-03-13 11:34:30 [INFO]: Epoch 109 done. Loss: 4.132, Time per epoch: 0.506[s]
2026-03-13 11:34:30 [DEBUG]: con_loss: 2.676, RCA_loss: 0.007, TC_loss: 0.040
2026-03-13 11:34:30 [DEBUG]: con_loss: 2.645, RCA_loss: 0.010, TC_loss: 0.034
2026-03-13 11:34:30 [INFO]: Epoch 110 done. Loss: 4.126, Time per epoch: 0.500[s]
2026-03-13 11:34:31 [DEBUG]: con_loss: 2.682, RCA_loss: 0.009, TC_loss: 0.041
2026-03-13 11:34:31 [DEBUG]: con_loss: 2.650, RCA_loss: 0.008, TC_loss: 0.045
2026-03-13 11:34:31 [INFO]: Epoch 111 done. Loss: 4.131, Time per epoch: 0.498[s]
2026-03-13 11:34:31 [DEBUG]: con_loss: 2.686, RCA_loss: 0.009, TC_loss: 0.045
2026-03-13 11:34:31 [DEBUG]: con_loss: 2.641, RCA_loss: 0.009, TC_loss: 0.053
2026-03-13 11:34:31 [INFO]: Epoch 112 done. Loss: 4.133, Time per epoch: 0.498[s]
2026-03-13 11:34:32 [DEBUG]: con_loss: 2.682, RCA_loss: 0.007, TC_loss: 0.047
2026-03-13 11:34:32 [DEBUG]: con_loss: 2.642, RCA_loss: 0.010, TC_loss: 0.037
2026-03-13 11:34:32 [INFO]: Epoch 113 done. Loss: 4.129, Time per epoch: 0.638[s]
2026-03-13 11:34:32 [DEBUG]: con_loss: 2.687, RCA_loss: 0.005, TC_loss: 0.041
2026-03-13 11:34:32 [DEBUG]: con_loss: 2.638, RCA_loss: 0.014, TC_loss: 0.032
2026-03-13 11:34:33 [INFO]: Epoch 114 done. Loss: 4.127, Time per epoch: 0.532[s]
2026-03-13 11:34:33 [DEBUG]: con_loss: 2.674, RCA_loss: 0.011, TC_loss: 0.038
2026-03-13 11:34:33 [DEBUG]: con_loss: 2.637, RCA_loss: 0.009, TC_loss: 0.044
2026-03-13 11:34:33 [INFO]: Epoch 115 done. Loss: 4.126, Time per epoch: 0.510[s]
2026-03-13 11:34:33 [DEBUG]: con_loss: 2.681, RCA_loss: 0.004, TC_loss: 0.037
2026-03-13 11:34:33 [DEBUG]: con_loss: 2.640, RCA_loss: 0.007, TC_loss: 0.032
2026-03-13 11:34:34 [INFO]: Epoch 116 done. Loss: 4.123, Time per epoch: 0.503[s]
2026-03-13 11:34:34 [DEBUG]: con_loss: 2.661, RCA_loss: 0.007, TC_loss: 0.043
2026-03-13 11:34:34 [DEBUG]: con_loss: 2.651, RCA_loss: 0.010, TC_loss: 0.053
2026-03-13 11:34:34 [INFO]: Epoch 117 done. Loss: 4.129, Time per epoch: 0.509[s]
2026-03-13 11:34:34 [DEBUG]: con_loss: 2.670, RCA_loss: 0.004, TC_loss: 0.038
2026-03-13 11:34:34 [DEBUG]: con_loss: 2.648, RCA_loss: 0.007, TC_loss: 0.032
2026-03-13 11:34:35 [INFO]: Epoch 118 done. Loss: 4.122, Time per epoch: 0.503[s]
2026-03-13 11:34:35 [DEBUG]: con_loss: 2.671, RCA_loss: 0.020, TC_loss: 0.055
2026-03-13 11:34:35 [DEBUG]: con_loss: 2.640, RCA_loss: 0.003, TC_loss: 0.044
2026-03-13 11:34:35 [INFO]: Epoch 119 done. Loss: 4.131, Time per epoch: 0.507[s]
2026-03-13 11:34:35 [DEBUG]: con_loss: 2.663, RCA_loss: 0.010, TC_loss: 0.037
2026-03-13 11:34:36 [DEBUG]: con_loss: 2.642, RCA_loss: 0.005, TC_loss: 0.028
2026-03-13 11:34:36 [INFO]: Epoch 120 done. Loss: 4.119, Time per epoch: 0.526[s]
2026-03-13 11:34:36 [DEBUG]: con_loss: 2.671, RCA_loss: 0.007, TC_loss: 0.039
2026-03-13 11:34:36 [DEBUG]: con_loss: 2.645, RCA_loss: 0.008, TC_loss: 0.029
2026-03-13 11:34:36 [INFO]: Epoch 121 done. Loss: 4.123, Time per epoch: 0.527[s]
2026-03-13 11:34:36 [DEBUG]: con_loss: 2.667, RCA_loss: 0.010, TC_loss: 0.032
2026-03-13 11:34:37 [DEBUG]: con_loss: 2.641, RCA_loss: 0.006, TC_loss: 0.031
2026-03-13 11:34:37 [INFO]: Epoch 122 done. Loss: 4.120, Time per epoch: 0.536[s]
2026-03-13 11:34:37 [DEBUG]: con_loss: 2.674, RCA_loss: 0.009, TC_loss: 0.037
2026-03-13 11:34:37 [DEBUG]: con_loss: 2.644, RCA_loss: 0.013, TC_loss: 0.037
2026-03-13 11:34:37 [INFO]: Epoch 123 done. Loss: 4.126, Time per epoch: 0.507[s]
2026-03-13 11:34:37 [DEBUG]: con_loss: 2.677, RCA_loss: 0.010, TC_loss: 0.045
2026-03-13 11:34:38 [DEBUG]: con_loss: 2.621, RCA_loss: 0.007, TC_loss: 0.024
2026-03-13 11:34:38 [INFO]: Epoch 124 done. Loss: 4.119, Time per epoch: 0.617[s]
2026-03-13 11:34:38 [DEBUG]: con_loss: 2.675, RCA_loss: 0.004, TC_loss: 0.043
2026-03-13 11:34:38 [DEBUG]: con_loss: 2.630, RCA_loss: 0.009, TC_loss: 0.040
2026-03-13 11:34:38 [INFO]: Epoch 125 done. Loss: 4.123, Time per epoch: 0.502[s]
2026-03-13 11:34:38 [DEBUG]: con_loss: 2.671, RCA_loss: 0.007, TC_loss: 0.038
2026-03-13 11:34:39 [DEBUG]: con_loss: 2.630, RCA_loss: 0.007, TC_loss: 0.033
2026-03-13 11:34:39 [INFO]: Epoch 126 done. Loss: 4.119, Time per epoch: 0.520[s]
2026-03-13 11:34:39 [DEBUG]: con_loss: 2.670, RCA_loss: 0.003, TC_loss: 0.027
2026-03-13 11:34:39 [DEBUG]: con_loss: 2.637, RCA_loss: 0.010, TC_loss: 0.032
2026-03-13 11:34:39 [INFO]: Epoch 127 done. Loss: 4.117, Time per epoch: 0.500[s]
2026-03-13 11:34:39 [DEBUG]: con_loss: 2.671, RCA_loss: 0.011, TC_loss: 0.038
2026-03-13 11:34:40 [DEBUG]: con_loss: 2.635, RCA_loss: 0.005, TC_loss: 0.025
2026-03-13 11:34:40 [INFO]: Epoch 128 done. Loss: 4.119, Time per epoch: 0.502[s]
2026-03-13 11:34:40 [DEBUG]: con_loss: 2.660, RCA_loss: 0.010, TC_loss: 0.020
2026-03-13 11:34:40 [DEBUG]: con_loss: 2.623, RCA_loss: 0.003, TC_loss: 0.027
2026-03-13 11:34:40 [INFO]: Epoch 129 done. Loss: 4.108, Time per epoch: 0.488[s]
2026-03-13 11:34:40 [DEBUG]: con_loss: 2.668, RCA_loss: 0.012, TC_loss: 0.044
2026-03-13 11:34:41 [DEBUG]: con_loss: 2.643, RCA_loss: 0.010, TC_loss: 0.026
2026-03-13 11:34:41 [INFO]: Epoch 130 done. Loss: 4.123, Time per epoch: 0.521[s]
2026-03-13 11:34:41 [DEBUG]: con_loss: 2.662, RCA_loss: 0.008, TC_loss: 0.027
2026-03-13 11:34:41 [DEBUG]: con_loss: 2.638, RCA_loss: 0.013, TC_loss: 0.029
2026-03-13 11:34:41 [INFO]: Epoch 131 done. Loss: 4.117, Time per epoch: 0.498[s]
2026-03-13 11:34:42 [DEBUG]: con_loss: 2.666, RCA_loss: 0.004, TC_loss: 0.025
2026-03-13 11:34:42 [DEBUG]: con_loss: 2.627, RCA_loss: 0.010, TC_loss: 0.035
2026-03-13 11:34:42 [INFO]: Epoch 132 done. Loss: 4.114, Time per epoch: 0.518[s]
2026-03-13 11:34:42 [DEBUG]: con_loss: 2.677, RCA_loss: 0.007, TC_loss: 0.042
2026-03-13 11:34:42 [DEBUG]: con_loss: 2.627, RCA_loss: 0.007, TC_loss: 0.033
2026-03-13 11:34:43 [INFO]: Epoch 133 done. Loss: 4.121, Time per epoch: 0.602[s]
2026-03-13 11:34:43 [DEBUG]: con_loss: 2.674, RCA_loss: 0.003, TC_loss: 0.028
2026-03-13 11:34:43 [DEBUG]: con_loss: 2.630, RCA_loss: 0.010, TC_loss: 0.034
2026-03-13 11:34:43 [INFO]: Epoch 134 done. Loss: 4.117, Time per epoch: 0.496[s]
2026-03-13 11:34:43 [DEBUG]: con_loss: 2.665, RCA_loss: 0.006, TC_loss: 0.026
2026-03-13 11:34:43 [DEBUG]: con_loss: 2.619, RCA_loss: 0.004, TC_loss: 0.025
2026-03-13 11:34:44 [INFO]: Epoch 135 done. Loss: 4.109, Time per epoch: 0.503[s]
2026-03-13 11:34:44 [DEBUG]: con_loss: 2.662, RCA_loss: 0.005, TC_loss: 0.025
2026-03-13 11:34:44 [DEBUG]: con_loss: 2.635, RCA_loss: 0.005, TC_loss: 0.024
2026-03-13 11:34:44 [INFO]: Epoch 136 done. Loss: 4.112, Time per epoch: 0.493[s]
2026-03-13 11:34:44 [DEBUG]: con_loss: 2.672, RCA_loss: 0.007, TC_loss: 0.040
2026-03-13 11:34:44 [DEBUG]: con_loss: 2.642, RCA_loss: 0.005, TC_loss: 0.022
2026-03-13 11:34:45 [INFO]: Epoch 137 done. Loss: 4.120, Time per epoch: 0.502[s]
2026-03-13 11:34:45 [DEBUG]: con_loss: 2.660, RCA_loss: 0.004, TC_loss: 0.023
2026-03-13 11:34:45 [DEBUG]: con_loss: 2.634, RCA_loss: 0.007, TC_loss: 0.020
2026-03-13 11:34:45 [INFO]: Epoch 138 done. Loss: 4.110, Time per epoch: 0.502[s]
2026-03-13 11:34:45 [DEBUG]: con_loss: 2.662, RCA_loss: 0.010, TC_loss: 0.030
2026-03-13 11:34:45 [DEBUG]: con_loss: 2.632, RCA_loss: 0.013, TC_loss: 0.021
2026-03-13 11:34:46 [INFO]: Epoch 139 done. Loss: 4.115, Time per epoch: 0.507[s]
2026-03-13 11:34:46 [INFO]: Early stop at epoch 139 due to lack of improvement.
2026-03-13 11:34:46 [INFO]: Training has finished.
2026-03-13 11:34:46 [DEBUG]: The training time is 73.19081902503967[s]
2026-03-13 11:34:46 [DEBUG]: The training time per epoch is 0.5227915644645691[s]
2026-03-13 11:34:46 [DEBUG]: The affinity of RCL -> FTI is -0.003558566139620689
2026-03-13 11:34:46 [DEBUG]: The affinity of FTI -> RCL is 0.10350846959953752
2026-03-13 11:34:46 [INFO]: Model checkpoint and metadata has been saved at ./logs/sockshop.
2026-03-13 11:34:47 [INFO]: [Root localization] HR@1: 85.477%, HR@2: 91.701%, HR@3: 93.776%, HR@4: 94.191%, HR@5: 95.021%, avg@3: 0.903, MRR@3: 0.893
2026-03-13 11:34:47 [INFO]: [Failure type classification] precision: 59.979%, recall: 57.261%, f1-score: 58.589%
2026-03-13 11:34:47 [INFO]: The average test time is 0.004594093536440268[s]
2026-03-13 11:34:47 [INFO]: The total test time is 1.1071765422821045[s]
